debug: Mon, 21 Feb 2022 07:37:19 GMT
debug: Project: D:\Cocos\Projects\TreeChopper
debug: Targets: editor,preview
debug: Incremental file seems great.
debug: Engine path: D:\Cocos\CocosDashboard\resources\.editors\Creator\3.4.0\resources\resources\3d\engine
debug: Initializing target [Editor]
debug: Loading cache
debug: Loading cache costs 23.144900001585484ms.
debug: Engine features shipped in editor: base,gfx-webgl,gfx-webgl2,3d,2d,ui,particle,particle-2d,physics-framework,physics-2d-framework,intersection-2d,primitive,profiler,audio,video,terrain,webview,tween,tiled-map,spine,dragon-bones,marionette
debug: Initializing target [Preview]
debug: Loading cache
debug: Loading cache costs 31.899299999698997ms.
debug: Sync engine features: base,gfx-webgl,gfx-webgl2,2d,ui,physics-2d-box2d,intersection-2d,profiler,particle-2d,audio,video,webview,tween,tiled-map,spine,dragon-bones,marionette
debug: Pulling asset-db.
debug: Fetch asset-db cost: 16.99860000051558ms.
debug: Build iteration starts.
Number of accumulated asset changes: 4
Feature changed: false
debug: Target(editor) build started.
debug: Detected change: cce:/internal/x/cc. Last mtime: Thu Jan 01 1970 08:00:10 GMT+0800 (Indochina Time), Current mtime: Thu Jan 01 1970 08:00:13 GMT+0800 (Indochina Time)
debug: Inspect cce:/internal/x/cc
debug: Resolve cce:/internal/x/cc-fu/base from cce:/internal/x/cc as external dependency cce:/internal/x/cc-fu/base.
debug: Resolve cce:/internal/x/cc-fu/gfx-webgl from cce:/internal/x/cc as external dependency cce:/internal/x/cc-fu/gfx-webgl.
debug: Resolve cce:/internal/x/cc-fu/gfx-webgl2 from cce:/internal/x/cc as external dependency cce:/internal/x/cc-fu/gfx-webgl2.
debug: Resolve cce:/internal/x/cc-fu/3d from cce:/internal/x/cc as external dependency cce:/internal/x/cc-fu/3d.
debug: Resolve cce:/internal/x/cc-fu/2d from cce:/internal/x/cc as external dependency cce:/internal/x/cc-fu/2d.
debug: Resolve cce:/internal/x/cc-fu/ui from cce:/internal/x/cc as external dependency cce:/internal/x/cc-fu/ui.
debug: Resolve cce:/internal/x/cc-fu/particle from cce:/internal/x/cc as external dependency cce:/internal/x/cc-fu/particle.
debug: Resolve cce:/internal/x/cc-fu/particle-2d from cce:/internal/x/cc as external dependency cce:/internal/x/cc-fu/particle-2d.
debug: Resolve cce:/internal/x/cc-fu/physics-framework from cce:/internal/x/cc as external dependency cce:/internal/x/cc-fu/physics-framework.
debug: Resolve cce:/internal/x/cc-fu/physics-2d-framework from cce:/internal/x/cc as external dependency cce:/internal/x/cc-fu/physics-2d-framework.
debug: Resolve cce:/internal/x/cc-fu/intersection-2d from cce:/internal/x/cc as external dependency cce:/internal/x/cc-fu/intersection-2d.
debug: Resolve cce:/internal/x/cc-fu/primitive from cce:/internal/x/cc as external dependency cce:/internal/x/cc-fu/primitive.
debug: Resolve cce:/internal/x/cc-fu/profiler from cce:/internal/x/cc as external dependency cce:/internal/x/cc-fu/profiler.
debug: Resolve cce:/internal/x/cc-fu/audio from cce:/internal/x/cc as external dependency cce:/internal/x/cc-fu/audio.
debug: Resolve cce:/internal/x/cc-fu/video from cce:/internal/x/cc as external dependency cce:/internal/x/cc-fu/video.
debug: Resolve cce:/internal/x/cc-fu/terrain from cce:/internal/x/cc as external dependency cce:/internal/x/cc-fu/terrain.
debug: Resolve cce:/internal/x/cc-fu/webview from cce:/internal/x/cc as external dependency cce:/internal/x/cc-fu/webview.
debug: Resolve cce:/internal/x/cc-fu/tween from cce:/internal/x/cc as external dependency cce:/internal/x/cc-fu/tween.
debug: Resolve cce:/internal/x/cc-fu/tiled-map from cce:/internal/x/cc as external dependency cce:/internal/x/cc-fu/tiled-map.
debug: Resolve cce:/internal/x/cc-fu/spine from cce:/internal/x/cc as external dependency cce:/internal/x/cc-fu/spine.
debug: Resolve cce:/internal/x/cc-fu/dragon-bones from cce:/internal/x/cc as external dependency cce:/internal/x/cc-fu/dragon-bones.
debug: Detected change: cce:/internal/x/prerequisite-imports. Last mtime: Thu Jan 01 1970 09:22:18 GMT+0800 (Indochina Time), Current mtime: Thu Jan 01 1970 08:00:26 GMT+0800 (Indochina Time)
debug: Inspect cce:/internal/x/prerequisite-imports
debug: Resolve file:///D:/Cocos/Projects/TreeChopper/assets/Scripts/GameController.ts from cce:/internal/x/prerequisite-imports as file:///D:/Cocos/Projects/TreeChopper/assets/Scripts/GameController.ts.
debug: Resolve file:///D:/Cocos/Projects/TreeChopper/assets/Scripts/PlayerMovement.ts from cce:/internal/x/prerequisite-imports as file:///D:/Cocos/Projects/TreeChopper/assets/Scripts/PlayerMovement.ts.
debug: Resolve file:///D:/Cocos/Projects/TreeChopper/assets/Scripts/SoundManager.ts from cce:/internal/x/prerequisite-imports as file:///D:/Cocos/Projects/TreeChopper/assets/Scripts/SoundManager.ts.
debug: Resolve file:///D:/Cocos/Projects/TreeChopper/assets/Scripts/TreeManager.ts from cce:/internal/x/prerequisite-imports as file:///D:/Cocos/Projects/TreeChopper/assets/Scripts/TreeManager.ts.
debug: Inspect file:///D:/Cocos/Projects/TreeChopper/assets/Scripts/GameController.ts
debug: Inspect file:///D:/Cocos/Projects/TreeChopper/assets/Scripts/PlayerMovement.ts
debug: Inspect file:///D:/Cocos/Projects/TreeChopper/assets/Scripts/SoundManager.ts
debug: Inspect file:///D:/Cocos/Projects/TreeChopper/assets/Scripts/TreeManager.ts
debug: Resolve cce:/internal/code-quality/cr.mjs from file:///D:/Cocos/Projects/TreeChopper/assets/Scripts/GameController.ts as cce:/internal/code-quality/cr.mjs.
debug: Resolve cc from file:///D:/Cocos/Projects/TreeChopper/assets/Scripts/GameController.ts as cce:/internal/x/cc.
debug: Resolve cc from file:///D:/Cocos/Projects/TreeChopper/assets/Scripts/GameController.ts as cce:/internal/x/cc.
debug: Detected change: cce:/internal/code-quality/cr.mjs. Last mtime: Mon Feb 21 2022 10:45:14 GMT+0700 (Indochina Time), Current mtime: Mon Feb 21 2022 14:37:08 GMT+0700 (Indochina Time)
debug: Inspect cce:/internal/code-quality/cr.mjs
debug: Resolve cc from file:///D:/Cocos/Projects/TreeChopper/assets/Scripts/SoundManager.ts as cce:/internal/x/cc.
debug: Resolve cc from file:///D:/Cocos/Projects/TreeChopper/assets/Scripts/SoundManager.ts as cce:/internal/x/cc.
debug: Resolve cce:/internal/code-quality/cr.mjs from file:///D:/Cocos/Projects/TreeChopper/assets/Scripts/PlayerMovement.ts as cce:/internal/code-quality/cr.mjs.
debug: Resolve cc from file:///D:/Cocos/Projects/TreeChopper/assets/Scripts/PlayerMovement.ts as cce:/internal/x/cc.
debug: Resolve cc from file:///D:/Cocos/Projects/TreeChopper/assets/Scripts/PlayerMovement.ts as cce:/internal/x/cc.
debug: Resolve cce:/internal/code-quality/cr.mjs from file:///D:/Cocos/Projects/TreeChopper/assets/Scripts/TreeManager.ts as cce:/internal/code-quality/cr.mjs.
debug: Resolve cc from file:///D:/Cocos/Projects/TreeChopper/assets/Scripts/TreeManager.ts as cce:/internal/x/cc.
debug: Resolve cc from file:///D:/Cocos/Projects/TreeChopper/assets/Scripts/TreeManager.ts as cce:/internal/x/cc.
debug: Resolve ./PlayerMovement from file:///D:/Cocos/Projects/TreeChopper/assets/Scripts/GameController.ts as file:///D:/Cocos/Projects/TreeChopper/assets/Scripts/PlayerMovement.ts.
debug: Resolve ./GameController from file:///D:/Cocos/Projects/TreeChopper/assets/Scripts/PlayerMovement.ts as file:///D:/Cocos/Projects/TreeChopper/assets/Scripts/GameController.ts.
debug: Resolve ./SoundManager from file:///D:/Cocos/Projects/TreeChopper/assets/Scripts/PlayerMovement.ts as file:///D:/Cocos/Projects/TreeChopper/assets/Scripts/SoundManager.ts.
debug: Resolve ./TreeManager from file:///D:/Cocos/Projects/TreeChopper/assets/Scripts/PlayerMovement.ts as file:///D:/Cocos/Projects/TreeChopper/assets/Scripts/TreeManager.ts.
debug: Resolve ./GameController from file:///D:/Cocos/Projects/TreeChopper/assets/Scripts/TreeManager.ts as file:///D:/Cocos/Projects/TreeChopper/assets/Scripts/GameController.ts.
debug: Resolve ./SoundManager from file:///D:/Cocos/Projects/TreeChopper/assets/Scripts/TreeManager.ts as file:///D:/Cocos/Projects/TreeChopper/assets/Scripts/SoundManager.ts.
debug: Target(editor) ends with cost 1242.1430999990553ms.
debug: Target(preview) build started.
debug: Detected change: cce:/internal/x/cc. Last mtime: Thu Jan 01 1970 08:00:10 GMT+0800 (Indochina Time), Current mtime: Thu Jan 01 1970 08:00:13 GMT+0800 (Indochina Time)
debug: Inspect cce:/internal/x/cc
debug: Resolve cce:/internal/x/cc-fu/base from cce:/internal/x/cc as external dependency cce:/internal/x/cc-fu/base.
debug: Resolve cce:/internal/x/cc-fu/gfx-webgl from cce:/internal/x/cc as external dependency cce:/internal/x/cc-fu/gfx-webgl.
debug: Resolve cce:/internal/x/cc-fu/gfx-webgl2 from cce:/internal/x/cc as external dependency cce:/internal/x/cc-fu/gfx-webgl2.
debug: Resolve cce:/internal/x/cc-fu/2d from cce:/internal/x/cc as external dependency cce:/internal/x/cc-fu/2d.
debug: Resolve cce:/internal/x/cc-fu/ui from cce:/internal/x/cc as external dependency cce:/internal/x/cc-fu/ui.
debug: Resolve cce:/internal/x/cc-fu/physics-2d-box2d from cce:/internal/x/cc as external dependency cce:/internal/x/cc-fu/physics-2d-box2d.
debug: Resolve cce:/internal/x/cc-fu/physics-2d-framework from cce:/internal/x/cc as external dependency cce:/internal/x/cc-fu/physics-2d-framework.
debug: Resolve cce:/internal/x/cc-fu/intersection-2d from cce:/internal/x/cc as external dependency cce:/internal/x/cc-fu/intersection-2d.
debug: Resolve cce:/internal/x/cc-fu/profiler from cce:/internal/x/cc as external dependency cce:/internal/x/cc-fu/profiler.
debug: Resolve cce:/internal/x/cc-fu/particle-2d from cce:/internal/x/cc as external dependency cce:/internal/x/cc-fu/particle-2d.
debug: Resolve cce:/internal/x/cc-fu/audio from cce:/internal/x/cc as external dependency cce:/internal/x/cc-fu/audio.
debug: Resolve cce:/internal/x/cc-fu/video from cce:/internal/x/cc as external dependency cce:/internal/x/cc-fu/video.
debug: Resolve cce:/internal/x/cc-fu/webview from cce:/internal/x/cc as external dependency cce:/internal/x/cc-fu/webview.
debug: Resolve cce:/internal/x/cc-fu/tween from cce:/internal/x/cc as external dependency cce:/internal/x/cc-fu/tween.
debug: Resolve cce:/internal/x/cc-fu/tiled-map from cce:/internal/x/cc as external dependency cce:/internal/x/cc-fu/tiled-map.
debug: Resolve cce:/internal/x/cc-fu/spine from cce:/internal/x/cc as external dependency cce:/internal/x/cc-fu/spine.
debug: Resolve cce:/internal/x/cc-fu/dragon-bones from cce:/internal/x/cc as external dependency cce:/internal/x/cc-fu/dragon-bones.
debug: Detected change: cce:/internal/x/prerequisite-imports. Last mtime: Thu Jan 01 1970 09:22:19 GMT+0800 (Indochina Time), Current mtime: Thu Jan 01 1970 08:00:28 GMT+0800 (Indochina Time)
debug: Inspect cce:/internal/x/prerequisite-imports
debug: Resolve file:///D:/Cocos/Projects/TreeChopper/assets/Scripts/PlayerMovement.ts from cce:/internal/x/prerequisite-imports as file:///D:/Cocos/Projects/TreeChopper/assets/Scripts/PlayerMovement.ts.
debug: Resolve file:///D:/Cocos/Projects/TreeChopper/assets/Scripts/GameController.ts from cce:/internal/x/prerequisite-imports as file:///D:/Cocos/Projects/TreeChopper/assets/Scripts/GameController.ts.
debug: Resolve file:///D:/Cocos/Projects/TreeChopper/assets/Scripts/SoundManager.ts from cce:/internal/x/prerequisite-imports as file:///D:/Cocos/Projects/TreeChopper/assets/Scripts/SoundManager.ts.
debug: Resolve file:///D:/Cocos/Projects/TreeChopper/assets/Scripts/TreeManager.ts from cce:/internal/x/prerequisite-imports as file:///D:/Cocos/Projects/TreeChopper/assets/Scripts/TreeManager.ts.
debug: Inspect file:///D:/Cocos/Projects/TreeChopper/assets/Scripts/PlayerMovement.ts
debug: Inspect file:///D:/Cocos/Projects/TreeChopper/assets/Scripts/GameController.ts
debug: Inspect file:///D:/Cocos/Projects/TreeChopper/assets/Scripts/SoundManager.ts
debug: Inspect file:///D:/Cocos/Projects/TreeChopper/assets/Scripts/TreeManager.ts
debug: Resolve cce:/internal/code-quality/cr.mjs from file:///D:/Cocos/Projects/TreeChopper/assets/Scripts/PlayerMovement.ts as cce:/internal/code-quality/cr.mjs.
debug: Resolve cc from file:///D:/Cocos/Projects/TreeChopper/assets/Scripts/PlayerMovement.ts as cce:/internal/x/cc.
debug: Resolve cc from file:///D:/Cocos/Projects/TreeChopper/assets/Scripts/PlayerMovement.ts as cce:/internal/x/cc.
debug: Detected change: cce:/internal/code-quality/cr.mjs. Last mtime: Mon Feb 21 2022 10:45:14 GMT+0700 (Indochina Time), Current mtime: Mon Feb 21 2022 14:37:08 GMT+0700 (Indochina Time)
debug: Inspect cce:/internal/code-quality/cr.mjs
debug: Resolve cce:/internal/code-quality/cr.mjs from file:///D:/Cocos/Projects/TreeChopper/assets/Scripts/GameController.ts as cce:/internal/code-quality/cr.mjs.
debug: Resolve cc from file:///D:/Cocos/Projects/TreeChopper/assets/Scripts/GameController.ts as cce:/internal/x/cc.
debug: Resolve cc from file:///D:/Cocos/Projects/TreeChopper/assets/Scripts/GameController.ts as cce:/internal/x/cc.
debug: Resolve cc from file:///D:/Cocos/Projects/TreeChopper/assets/Scripts/SoundManager.ts as cce:/internal/x/cc.
debug: Resolve cc from file:///D:/Cocos/Projects/TreeChopper/assets/Scripts/SoundManager.ts as cce:/internal/x/cc.
debug: Resolve cce:/internal/code-quality/cr.mjs from file:///D:/Cocos/Projects/TreeChopper/assets/Scripts/TreeManager.ts as cce:/internal/code-quality/cr.mjs.
debug: Resolve cc from file:///D:/Cocos/Projects/TreeChopper/assets/Scripts/TreeManager.ts as cce:/internal/x/cc.
debug: Resolve cc from file:///D:/Cocos/Projects/TreeChopper/assets/Scripts/TreeManager.ts as cce:/internal/x/cc.
debug: Resolve ./GameController from file:///D:/Cocos/Projects/TreeChopper/assets/Scripts/PlayerMovement.ts as file:///D:/Cocos/Projects/TreeChopper/assets/Scripts/GameController.ts.
debug: Resolve ./TreeManager from file:///D:/Cocos/Projects/TreeChopper/assets/Scripts/PlayerMovement.ts as file:///D:/Cocos/Projects/TreeChopper/assets/Scripts/TreeManager.ts.
debug: Resolve ./SoundManager from file:///D:/Cocos/Projects/TreeChopper/assets/Scripts/PlayerMovement.ts as file:///D:/Cocos/Projects/TreeChopper/assets/Scripts/SoundManager.ts.
debug: Resolve ./PlayerMovement from file:///D:/Cocos/Projects/TreeChopper/assets/Scripts/GameController.ts as file:///D:/Cocos/Projects/TreeChopper/assets/Scripts/PlayerMovement.ts.
debug: Resolve ./GameController from file:///D:/Cocos/Projects/TreeChopper/assets/Scripts/TreeManager.ts as file:///D:/Cocos/Projects/TreeChopper/assets/Scripts/GameController.ts.
debug: Resolve ./SoundManager from file:///D:/Cocos/Projects/TreeChopper/assets/Scripts/TreeManager.ts as file:///D:/Cocos/Projects/TreeChopper/assets/Scripts/SoundManager.ts.
debug: Target(preview) ends with cost 490.239600000903ms.
debug: Dispatch build request for time accumulated 1 asset changes.
debug: Build iteration starts.
Number of accumulated asset changes: 1
Feature changed: false
debug: Target(editor) build started.
debug: Detected change: cce:/internal/x/prerequisite-imports. Last mtime: Thu Jan 01 1970 08:00:26 GMT+0800 (Indochina Time), Current mtime: Thu Jan 01 1970 08:35:31 GMT+0800 (Indochina Time)
debug: Inspect cce:/internal/x/prerequisite-imports
debug: Resolve file:///D:/Cocos/Projects/TreeChopper/assets/Scripts/GameController.ts from cce:/internal/x/prerequisite-imports as file:///D:/Cocos/Projects/TreeChopper/assets/Scripts/GameController.ts.
debug: Resolve file:///D:/Cocos/Projects/TreeChopper/assets/Scripts/PlayerMovement.ts from cce:/internal/x/prerequisite-imports as file:///D:/Cocos/Projects/TreeChopper/assets/Scripts/PlayerMovement.ts.
debug: Resolve file:///D:/Cocos/Projects/TreeChopper/assets/Scripts/SoundManager.ts from cce:/internal/x/prerequisite-imports as file:///D:/Cocos/Projects/TreeChopper/assets/Scripts/SoundManager.ts.
debug: Resolve file:///D:/Cocos/Projects/TreeChopper/assets/Scripts/TreeManager.ts from cce:/internal/x/prerequisite-imports as file:///D:/Cocos/Projects/TreeChopper/assets/Scripts/TreeManager.ts.
debug: Inspect file:///D:/Cocos/Projects/TreeChopper/assets/Scripts/GameController.ts
debug: Resolve cce:/internal/code-quality/cr.mjs from file:///D:/Cocos/Projects/TreeChopper/assets/Scripts/GameController.ts as cce:/internal/code-quality/cr.mjs.
debug: Resolve cc from file:///D:/Cocos/Projects/TreeChopper/assets/Scripts/GameController.ts as cce:/internal/x/cc.
debug: Resolve cc from file:///D:/Cocos/Projects/TreeChopper/assets/Scripts/GameController.ts as cce:/internal/x/cc.
debug: Resolve ./PlayerMovement from file:///D:/Cocos/Projects/TreeChopper/assets/Scripts/GameController.ts as file:///D:/Cocos/Projects/TreeChopper/assets/Scripts/PlayerMovement.ts.
debug: Target(editor) ends with cost 666.5668000020087ms.
debug: Target(preview) build started.
debug: Detected change: cce:/internal/x/prerequisite-imports. Last mtime: Thu Jan 01 1970 08:00:28 GMT+0800 (Indochina Time), Current mtime: Thu Jan 01 1970 08:35:32 GMT+0800 (Indochina Time)
debug: Inspect cce:/internal/x/prerequisite-imports
debug: Resolve file:///D:/Cocos/Projects/TreeChopper/assets/Scripts/GameController.ts from cce:/internal/x/prerequisite-imports as file:///D:/Cocos/Projects/TreeChopper/assets/Scripts/GameController.ts.
debug: Resolve file:///D:/Cocos/Projects/TreeChopper/assets/Scripts/PlayerMovement.ts from cce:/internal/x/prerequisite-imports as file:///D:/Cocos/Projects/TreeChopper/assets/Scripts/PlayerMovement.ts.
debug: Resolve file:///D:/Cocos/Projects/TreeChopper/assets/Scripts/SoundManager.ts from cce:/internal/x/prerequisite-imports as file:///D:/Cocos/Projects/TreeChopper/assets/Scripts/SoundManager.ts.
debug: Resolve file:///D:/Cocos/Projects/TreeChopper/assets/Scripts/TreeManager.ts from cce:/internal/x/prerequisite-imports as file:///D:/Cocos/Projects/TreeChopper/assets/Scripts/TreeManager.ts.
debug: Inspect file:///D:/Cocos/Projects/TreeChopper/assets/Scripts/GameController.ts
debug: Resolve cce:/internal/code-quality/cr.mjs from file:///D:/Cocos/Projects/TreeChopper/assets/Scripts/GameController.ts as cce:/internal/code-quality/cr.mjs.
debug: Resolve cc from file:///D:/Cocos/Projects/TreeChopper/assets/Scripts/GameController.ts as cce:/internal/x/cc.
debug: Resolve cc from file:///D:/Cocos/Projects/TreeChopper/assets/Scripts/GameController.ts as cce:/internal/x/cc.
debug: Resolve ./PlayerMovement from file:///D:/Cocos/Projects/TreeChopper/assets/Scripts/GameController.ts as file:///D:/Cocos/Projects/TreeChopper/assets/Scripts/PlayerMovement.ts.
debug: Target(preview) ends with cost 632.9461000002921ms.
debug: Dispatch build request for time accumulated 1 asset changes.
debug: Build iteration starts.
Number of accumulated asset changes: 1
Feature changed: false
debug: Target(editor) build started.
debug: Detected change: cce:/internal/x/prerequisite-imports. Last mtime: Thu Jan 01 1970 08:35:31 GMT+0800 (Indochina Time), Current mtime: Thu Jan 01 1970 08:35:53 GMT+0800 (Indochina Time)
debug: Inspect cce:/internal/x/prerequisite-imports
debug: Resolve file:///D:/Cocos/Projects/TreeChopper/assets/Scripts/GameController.ts from cce:/internal/x/prerequisite-imports as file:///D:/Cocos/Projects/TreeChopper/assets/Scripts/GameController.ts.
debug: Resolve file:///D:/Cocos/Projects/TreeChopper/assets/Scripts/PlayerMovement.ts from cce:/internal/x/prerequisite-imports as file:///D:/Cocos/Projects/TreeChopper/assets/Scripts/PlayerMovement.ts.
debug: Resolve file:///D:/Cocos/Projects/TreeChopper/assets/Scripts/SoundManager.ts from cce:/internal/x/prerequisite-imports as file:///D:/Cocos/Projects/TreeChopper/assets/Scripts/SoundManager.ts.
debug: Resolve file:///D:/Cocos/Projects/TreeChopper/assets/Scripts/TreeManager.ts from cce:/internal/x/prerequisite-imports as file:///D:/Cocos/Projects/TreeChopper/assets/Scripts/TreeManager.ts.
debug: Inspect file:///D:/Cocos/Projects/TreeChopper/assets/Scripts/GameController.ts
debug: Resolve cce:/internal/code-quality/cr.mjs from file:///D:/Cocos/Projects/TreeChopper/assets/Scripts/GameController.ts as cce:/internal/code-quality/cr.mjs.
debug: Resolve cc from file:///D:/Cocos/Projects/TreeChopper/assets/Scripts/GameController.ts as cce:/internal/x/cc.
debug: Resolve cc from file:///D:/Cocos/Projects/TreeChopper/assets/Scripts/GameController.ts as cce:/internal/x/cc.
debug: Resolve ./PlayerMovement from file:///D:/Cocos/Projects/TreeChopper/assets/Scripts/GameController.ts as file:///D:/Cocos/Projects/TreeChopper/assets/Scripts/PlayerMovement.ts.
debug: Target(editor) ends with cost 215.83750000223517ms.
debug: Target(preview) build started.
debug: Detected change: cce:/internal/x/prerequisite-imports. Last mtime: Thu Jan 01 1970 08:35:32 GMT+0800 (Indochina Time), Current mtime: Thu Jan 01 1970 08:35:53 GMT+0800 (Indochina Time)
debug: Inspect cce:/internal/x/prerequisite-imports
debug: Resolve file:///D:/Cocos/Projects/TreeChopper/assets/Scripts/GameController.ts from cce:/internal/x/prerequisite-imports as file:///D:/Cocos/Projects/TreeChopper/assets/Scripts/GameController.ts.
debug: Resolve file:///D:/Cocos/Projects/TreeChopper/assets/Scripts/PlayerMovement.ts from cce:/internal/x/prerequisite-imports as file:///D:/Cocos/Projects/TreeChopper/assets/Scripts/PlayerMovement.ts.
debug: Resolve file:///D:/Cocos/Projects/TreeChopper/assets/Scripts/SoundManager.ts from cce:/internal/x/prerequisite-imports as file:///D:/Cocos/Projects/TreeChopper/assets/Scripts/SoundManager.ts.
debug: Resolve file:///D:/Cocos/Projects/TreeChopper/assets/Scripts/TreeManager.ts from cce:/internal/x/prerequisite-imports as file:///D:/Cocos/Projects/TreeChopper/assets/Scripts/TreeManager.ts.
debug: Inspect file:///D:/Cocos/Projects/TreeChopper/assets/Scripts/GameController.ts
debug: Resolve cce:/internal/code-quality/cr.mjs from file:///D:/Cocos/Projects/TreeChopper/assets/Scripts/GameController.ts as cce:/internal/code-quality/cr.mjs.
debug: Resolve cc from file:///D:/Cocos/Projects/TreeChopper/assets/Scripts/GameController.ts as cce:/internal/x/cc.
debug: Resolve cc from file:///D:/Cocos/Projects/TreeChopper/assets/Scripts/GameController.ts as cce:/internal/x/cc.
debug: Resolve ./PlayerMovement from file:///D:/Cocos/Projects/TreeChopper/assets/Scripts/GameController.ts as file:///D:/Cocos/Projects/TreeChopper/assets/Scripts/PlayerMovement.ts.
debug: Target(preview) ends with cost 272.4866000004113ms.
debug: Dispatch build request for time accumulated 1 asset changes.
debug: Build iteration starts.
Number of accumulated asset changes: 1
Feature changed: false
debug: Target(editor) build started.
debug: Detected change: cce:/internal/x/prerequisite-imports. Last mtime: Thu Jan 01 1970 08:35:53 GMT+0800 (Indochina Time), Current mtime: Thu Jan 01 1970 08:36:54 GMT+0800 (Indochina Time)
debug: Inspect cce:/internal/x/prerequisite-imports
debug: Resolve file:///D:/Cocos/Projects/TreeChopper/assets/Scripts/GameController.ts from cce:/internal/x/prerequisite-imports as file:///D:/Cocos/Projects/TreeChopper/assets/Scripts/GameController.ts.
debug: Resolve file:///D:/Cocos/Projects/TreeChopper/assets/Scripts/PlayerMovement.ts from cce:/internal/x/prerequisite-imports as file:///D:/Cocos/Projects/TreeChopper/assets/Scripts/PlayerMovement.ts.
debug: Resolve file:///D:/Cocos/Projects/TreeChopper/assets/Scripts/SoundManager.ts from cce:/internal/x/prerequisite-imports as file:///D:/Cocos/Projects/TreeChopper/assets/Scripts/SoundManager.ts.
debug: Resolve file:///D:/Cocos/Projects/TreeChopper/assets/Scripts/TreeManager.ts from cce:/internal/x/prerequisite-imports as file:///D:/Cocos/Projects/TreeChopper/assets/Scripts/TreeManager.ts.
debug: Inspect file:///D:/Cocos/Projects/TreeChopper/assets/Scripts/GameController.ts
debug: Resolve cce:/internal/code-quality/cr.mjs from file:///D:/Cocos/Projects/TreeChopper/assets/Scripts/GameController.ts as cce:/internal/code-quality/cr.mjs.
debug: Resolve cc from file:///D:/Cocos/Projects/TreeChopper/assets/Scripts/GameController.ts as cce:/internal/x/cc.
debug: Resolve cc from file:///D:/Cocos/Projects/TreeChopper/assets/Scripts/GameController.ts as cce:/internal/x/cc.
debug: Resolve ./PlayerMovement from file:///D:/Cocos/Projects/TreeChopper/assets/Scripts/GameController.ts as file:///D:/Cocos/Projects/TreeChopper/assets/Scripts/PlayerMovement.ts.
debug: Target(editor) ends with cost 239.6655000001192ms.
debug: Target(preview) build started.
debug: Detected change: cce:/internal/x/prerequisite-imports. Last mtime: Thu Jan 01 1970 08:35:53 GMT+0800 (Indochina Time), Current mtime: Thu Jan 01 1970 08:36:54 GMT+0800 (Indochina Time)
debug: Inspect cce:/internal/x/prerequisite-imports
debug: Resolve file:///D:/Cocos/Projects/TreeChopper/assets/Scripts/GameController.ts from cce:/internal/x/prerequisite-imports as file:///D:/Cocos/Projects/TreeChopper/assets/Scripts/GameController.ts.
debug: Resolve file:///D:/Cocos/Projects/TreeChopper/assets/Scripts/PlayerMovement.ts from cce:/internal/x/prerequisite-imports as file:///D:/Cocos/Projects/TreeChopper/assets/Scripts/PlayerMovement.ts.
debug: Resolve file:///D:/Cocos/Projects/TreeChopper/assets/Scripts/SoundManager.ts from cce:/internal/x/prerequisite-imports as file:///D:/Cocos/Projects/TreeChopper/assets/Scripts/SoundManager.ts.
debug: Resolve file:///D:/Cocos/Projects/TreeChopper/assets/Scripts/TreeManager.ts from cce:/internal/x/prerequisite-imports as file:///D:/Cocos/Projects/TreeChopper/assets/Scripts/TreeManager.ts.
debug: Inspect file:///D:/Cocos/Projects/TreeChopper/assets/Scripts/GameController.ts
debug: Resolve cce:/internal/code-quality/cr.mjs from file:///D:/Cocos/Projects/TreeChopper/assets/Scripts/GameController.ts as cce:/internal/code-quality/cr.mjs.
debug: Resolve cc from file:///D:/Cocos/Projects/TreeChopper/assets/Scripts/GameController.ts as cce:/internal/x/cc.
debug: Resolve cc from file:///D:/Cocos/Projects/TreeChopper/assets/Scripts/GameController.ts as cce:/internal/x/cc.
debug: Resolve ./PlayerMovement from file:///D:/Cocos/Projects/TreeChopper/assets/Scripts/GameController.ts as file:///D:/Cocos/Projects/TreeChopper/assets/Scripts/PlayerMovement.ts.
debug: Target(preview) ends with cost 339.8635000027716ms.
